<?xml version="1.0" encoding="UTF-8"?>
<testsuite xmlns:xsi="http://www.w3.org/2001/XMLSchema-instance" xsi:noNamespaceSchemaLocation="https://maven.apache.org/surefire/maven-surefire-plugin/xsd/surefire-test-report.xsd" name="TestSuite" time="448.22" tests="3" errors="0" skipped="0" failures="1">
  <properties>
[...]
</properties>
  <testcase name="runScenario" classname="com.crowdar.bdd.cukes.TestNGSecuencialRunner" time="56.849"/>
  <testcase name="runScenario" classname="com.crowdar.bdd.cukes.TestNGSecuencialRunner" time="309.674"/>
  <testcase name="runScenario" classname="com.crowdar.bdd.cukes.TestNGSecuencialRunner" time="72.026">
    <failure message="expected [true] but found [false]" type="java.lang.AssertionError">java.lang.AssertionError: expected [true] but found [false]
</failure>
    <system-out><![CDATA[09/03/22 17:45:04 INFO  BasicHook:20 - ------ Starting -----The client search a product in automationpractice page and sort the result-----
09/03/22 17:45:56 INFO  BasicHook:25 - ------ Ending -----The client search a product in automationpractice page and sort the result-----
]]></system-out>
    <system-err><![CDATA[Starting ChromeDriver 98.0.4758.102 (273bf7ac8c909cde36982d27f66f3c70846a3718-refs/branch-heads/4758@{#1151}) on port 34956
Only local connections are allowed.
Please see https://chromedriver.chromium.org/security-considerations for suggestions on keeping ChromeDriver safe.
ChromeDriver was started successfully.
mar. 09, 2022 5:45:12 P. M. org.openqa.selenium.remote.ProtocolHandshake createSession
INFO: Detected dialect: W3C
[1646858753.836][SEVERE]: Timed out receiving message from renderer: 10.000
[1646858753.872][WARNING]: screenshot failed, retrying timeout: Timed out receiving message from renderer: 10.000
]]></system-err>
  </testcase>
</testsuite>