<?xml version="1.0" encoding="UTF-8"?>
<testng-results ignored="0" total="3" passed="3" failed="0" skipped="0">
  <reporter-output>
  </reporter-output>
  <suite started-at="2022-02-26T19:16:18Z" name="BDD Test Suite" finished-at="2022-02-26T19:17:36Z" duration-ms="78612">
    <groups>
      <group name="cucumber">
        <method signature="AbstractTestNGCucumberTests.runScenario(cucumber.api.testng.PickleEventWrapper, cucumber.api.testng.CucumberFeatureWrapper)[pri:0, instance:com.crowdar.bdd.cukes.TestNGSecuencialRunner@56a6d5a6]" name="runScenario" class="cucumber.api.testng.AbstractTestNGCucumberTests"/>
      </group> <!-- cucumber -->
    </groups>
    <test started-at="2022-02-26T19:16:18Z" name="TestNg Secuencial runner Tests" finished-at="2022-02-26T19:17:36Z" duration-ms="78612">
      <class name="com.crowdar.bdd.cukes.TestNGSecuencialRunner">
        <test-method is-config="true" signature="setUpClass()[pri:0, instance:com.crowdar.bdd.cukes.TestNGSecuencialRunner@56a6d5a6]" started-at="2022-02-26T19:16:18Z" name="setUpClass" finished-at="2022-02-26T19:16:18Z" duration-ms="670" status="PASS">
          <reporter-output>
          </reporter-output>
        </test-method> <!-- setUpClass -->
        <test-method signature="runScenario(cucumber.api.testng.PickleEventWrapper, cucumber.api.testng.CucumberFeatureWrapper)[pri:0, instance:com.crowdar.bdd.cukes.TestNGSecuencialRunner@56a6d5a6]" started-at="2022-02-26T19:16:18Z" name="runScenario" description="Runs Cucumber Scenarios" data-provider="scenarios" finished-at="2022-02-26T19:16:50Z" duration-ms="31294" status="PASS">
          <params>
            <param index="0">
              <value>
                <![CDATA["The client search hat"]]>
              </value>
            </param>
            <param index="1">
              <value>
                <![CDATA["As a potential client i need to search in automationpractice to find a product and sign in verifying the results"]]>
              </value>
            </param>
          </params>
          <reporter-output>
          </reporter-output>
        </test-method> <!-- runScenario -->
        <test-method signature="runScenario(cucumber.api.testng.PickleEventWrapper, cucumber.api.testng.CucumberFeatureWrapper)[pri:0, instance:com.crowdar.bdd.cukes.TestNGSecuencialRunner@56a6d5a6]" started-at="2022-02-26T19:16:50Z" name="runScenario" description="Runs Cucumber Scenarios" data-provider="scenarios" finished-at="2022-02-26T19:17:15Z" duration-ms="25192" status="PASS">
          <params>
            <param index="0">
              <value>
                <![CDATA["The client logs in"]]>
              </value>
            </param>
            <param index="1">
              <value>
                <![CDATA["As a potential client i need to search in automationpractice to find a product and sign in verifying the results"]]>
              </value>
            </param>
          </params>
          <reporter-output>
          </reporter-output>
        </test-method> <!-- runScenario -->
        <test-method signature="runScenario(cucumber.api.testng.PickleEventWrapper, cucumber.api.testng.CucumberFeatureWrapper)[pri:0, instance:com.crowdar.bdd.cukes.TestNGSecuencialRunner@56a6d5a6]" started-at="2022-02-26T19:17:15Z" name="runScenario" description="Runs Cucumber Scenarios" data-provider="scenarios" finished-at="2022-02-26T19:17:35Z" duration-ms="20102" status="PASS">
          <params>
            <param index="0">
              <value>
                <![CDATA["The client search a product in automationpractice page and sort the result"]]>
              </value>
            </param>
            <param index="1">
              <value>
                <![CDATA["As a potential client i need to search in automationpractice to find a product and sign in verifying the results"]]>
              </value>
            </param>
          </params>
          <reporter-output>
          </reporter-output>
        </test-method> <!-- runScenario -->
        <test-method is-config="true" signature="tearDownClass()[pri:0, instance:com.crowdar.bdd.cukes.TestNGSecuencialRunner@56a6d5a6]" started-at="2022-02-26T19:17:35Z" name="tearDownClass" finished-at="2022-02-26T19:17:36Z" duration-ms="1242" status="PASS">
          <reporter-output>
          </reporter-output>
        </test-method> <!-- tearDownClass -->
      </class> <!-- com.crowdar.bdd.cukes.TestNGSecuencialRunner -->
    </test> <!-- TestNg Secuencial runner Tests -->
  </suite> <!-- BDD Test Suite -->
</testng-results>
