<?xml version="1.0" encoding="UTF-8"?>
<!-- Generated by org.testng.reporters.JUnitReportReporter -->
<testsuite hostname="DESKTOP-ERPL0N8" failures="1" tests="3" name="com.crowdar.bdd.cukes.TestNGSecuencialRunner" time="275.047" errors="0" timestamp="13 mar. 2022 23:27:26 GMT" skipped="0">
  <testcase classname="com.crowdar.bdd.cukes.TestNGSecuencialRunner" name="runScenario" time="118.404"/>
  <testcase classname="com.crowdar.bdd.cukes.TestNGSecuencialRunner" name="runScenario" time="101.995"/>
  <testcase classname="com.crowdar.bdd.cukes.TestNGSecuencialRunner" name="runScenario" time="54.648">
    <failure message="expected [true] but found [false]" type="java.lang.AssertionError">
      <![CDATA[java.lang.AssertionError: expected [true] but found [false]
at org.testng.Assert.fail(Assert.java:96)
at org.testng.Assert.failNotEquals(Assert.java:776)
at org.testng.Assert.assertTrue(Assert.java:44)
at org.testng.Assert.assertTrue(Assert.java:54)
at lippia.web.services.PageSearchResultService.verifyResults(PageSearchResultService.java:55)
at lippia.web.steps.AutomationWebSteps.theClientVerifyThatResultsAreShownProperly(AutomationWebSteps.java:45)
at ✽.The client verify that results are shown properly.(file:src/test/resources/web/features/AutomationPractice.feature:23)
]]>
    </failure>
  </testcase> <!-- runScenario -->
</testsuite> <!-- com.crowdar.bdd.cukes.TestNGSecuencialRunner -->
