<?xml version="1.0" encoding="UTF-8"?>
<!-- Generated by org.testng.reporters.JUnitXMLReporter -->
<testsuite ignored="0" hostname="DESKTOP-ERPL0N8" failures="1" tests="3" name="TestNg Secuencial runner Tests" time="444.222" errors="0" timestamp="09 mar. 2022 20:46:19 GMT">
  <testcase classname="cucumber.api.testng.AbstractTestNGCucumberTests" name="runScenario" time="56.836"/>
  <testcase classname="cucumber.api.testng.AbstractTestNGCucumberTests" name="runScenario" time="309.562"/>
  <testcase classname="cucumber.api.testng.AbstractTestNGCucumberTests" name="runScenario" time="71.97">
    <failure type="java.lang.AssertionError" message="expected [true] but found [false]">
      <![CDATA[java.lang.AssertionError: expected [true] but found [false]
at lippia.web.services.AutomationService.verifyResults(AutomationService.java:69)
at lippia.web.steps.AutomationWebSteps.theClientVerifyThatResultsAreShownProperly(AutomationWebSteps.java:61)
at ✽.The client verify that results are shown properly.(file:src/test/resources/web/features/AutomationPractice.feature:23)
... Removed 4 stack frames]]>
    </failure>
  </testcase> <!-- runScenario -->
</testsuite> <!-- TestNg Secuencial runner Tests -->
